<?xml version="1.0" encoding="UTF-8"?>
<!-- Generated by org.testng.reporters.JUnitReportReporter -->
<testsuite hostname="DESKTOP-N7IGJPJ" failures="0" tests="6" name="ReqRes_TestCase.TC_002_GetSingleUser" time="0.068" errors="0" timestamp="2022-03-16T10:01:36 IST" skipped="0">
  <testcase classname="ReqRes_TestCase.TC_002_GetSingleUser" name="checkStatusCode" time="0.010"/>
  <system-out/>
  <testcase classname="ReqRes_TestCase.TC_002_GetSingleUser" name="checkContentType" time="0.023"/>
  <system-out/>
  <testcase classname="ReqRes_TestCase.TC_002_GetSingleUser" name="checkResponseBody" time="0.010"/>
  <system-out/>
  <testcase classname="ReqRes_TestCase.TC_002_GetSingleUser" name="checkServerType" time="0.015"/>
  <system-out/>
  <testcase classname="ReqRes_TestCase.TC_002_GetSingleUser" name="checkStatusLine" time="0.004"/>
  <system-out/>
  <testcase classname="ReqRes_TestCase.TC_002_GetSingleUser" name="checkContentLength" time="0.006"/>
  <system-out/>
</testsuite> <!-- ReqRes_TestCase.TC_002_GetSingleUser -->
