<?xml version="1.0" encoding="UTF-8"?>
<!-- Generated by org.testng.reporters.JUnitReportReporter -->
<testsuite hostname="DESKTOP-N7IGJPJ" failures="0" tests="3" name="ReqRes_TestCase.TC_003_PostCreateUsers" time="0.029" errors="0" timestamp="2022-03-16T10:01:36 IST" skipped="0">
  <testcase classname="ReqRes_TestCase.TC_003_PostCreateUsers" name="checkStatusLine" time="0.016"/>
  <system-out/>
  <testcase classname="ReqRes_TestCase.TC_003_PostCreateUsers" name="checkStatusCode" time="0.005"/>
  <system-out/>
  <testcase classname="ReqRes_TestCase.TC_003_PostCreateUsers" name="checkResponseBody" time="0.008"/>
  <system-out/>
</testsuite> <!-- ReqRes_TestCase.TC_003_PostCreateUsers -->
