<?xml version="1.0" encoding="UTF-8"?>
<!-- Generated by org.testng.reporters.JUnitReportReporter -->
<testsuite hostname="DESKTOP-N7IGJPJ" failures="0" tests="5" name="ReqRes_TestCase.TC_001_GetAllUsers" time="0.136" errors="0" timestamp="2022-03-16T10:01:36 IST" skipped="0">
  <testcase classname="ReqRes_TestCase.TC_001_GetAllUsers" name="checkResponseTime" time="0.015"/>
  <system-out/>
  <testcase classname="ReqRes_TestCase.TC_001_GetAllUsers" name="checkStatusLine" time="0.006"/>
  <system-out/>
  <testcase classname="ReqRes_TestCase.TC_001_GetAllUsers" name="checkContentType" time="0.029"/>
  <system-out/>
  <testcase classname="ReqRes_TestCase.TC_001_GetAllUsers" name="checkResponseBody" time="0.078"/>
  <system-out/>
  <testcase classname="ReqRes_TestCase.TC_001_GetAllUsers" name="checkStatusCode" time="0.008"/>
  <system-out/>
</testsuite> <!-- ReqRes_TestCase.TC_001_GetAllUsers -->
